<?xml version="1.0" encoding="UTF-8"?>
<!-- Generated by org.testng.reporters.JUnitReportReporter -->
<testsuite skipped="0" hostname="LAPTOP-PE32G410" name="com.Upgrade.test.LoginApiTest" tests="3" failures="0" timestamp="17 Oct 2019 22:08:32 GMT" time="4.394" errors="0">
  <testcase name="loginAPI_SuccessCodeValidation" time="2.748" classname="com.Upgrade.test.LoginApiTest"/>
  <testcase name="loginAPI_ErrorCodeValidation" time="0.724" classname="com.Upgrade.test.LoginApiTest"/>
  <testcase name="loginAPI_AttributeValidation" time="0.922" classname="com.Upgrade.test.LoginApiTest"/>
</testsuite> <!-- com.Upgrade.test.LoginApiTest -->
