<?xml version="1.0" encoding="UTF-8"?>
<!-- Generated by org.testng.reporters.JUnitReportReporter -->
<testsuite skipped="0" hostname="LAPTOP-PE32G410" name="com.Upgrade.test.LoginTest" tests="1" failures="0" timestamp="14 Oct 2019 23:53:54 GMT" time="1.362" errors="0">
  <testcase name="loginUrl_validation" time="1.362" classname="com.Upgrade.test.LoginTest"/>
</testsuite> <!-- com.Upgrade.test.LoginTest -->
