<?xml version="1.0" encoding="UTF-8"?>
<!-- Generated by org.testng.reporters.JUnitReportReporter -->
<testsuite skipped="0" hostname="LAPTOP-PE32G410" name="com.Upgrade.test.CreateAccountTest" tests="1" failures="0" timestamp="14 Oct 2019 23:53:54 GMT" time="4.550" errors="0">
  <testcase name="basicInformation_Validation" time="4.550" classname="com.Upgrade.test.CreateAccountTest"/>
</testsuite> <!-- com.Upgrade.test.CreateAccountTest -->
