<?xml version="1.0" encoding="UTF-8"?>
<!-- Generated by org.testng.reporters.JUnitReportReporter -->
<testsuite skipped="0" hostname="LAPTOP-PE32G410" name="com.Upgrade.test.PayOffOfferTest" tests="2" failures="0" timestamp="14 Oct 2019 23:53:54 GMT" time="8.589" errors="0">
  <testcase name="offerPageUrl_Validation" time="3.044" classname="com.Upgrade.test.PayOffOfferTest"/>
  <testcase name="signOut_Validation" time="5.545" classname="com.Upgrade.test.PayOffOfferTest"/>
</testsuite> <!-- com.Upgrade.test.PayOffOfferTest -->
