<?xml version="1.0" encoding="UTF-8"?>
<!-- Generated by org.testng.reporters.JUnitReportReporter -->
<testsuite skipped="0" hostname="LAPTOP-PE32G410" name="com.Upgrade.test.LoginTest" tests="4" failures="0" timestamp="18 Oct 2019 21:41:58 GMT" time="7.179" errors="0">
  <testcase name="TC_11_SigninSuccess_Validation" time="3.777" classname="com.Upgrade.test.LoginTest"/>
  <testcase name="TC_08_loginUrl_validation" time="1.858" classname="com.Upgrade.test.LoginTest"/>
  <testcase name="TC_09_manadatoryField_Validation" time="0.393" classname="com.Upgrade.test.LoginTest"/>
  <testcase name="TC_10_incorrectField_Validation" time="1.151" classname="com.Upgrade.test.LoginTest"/>
</testsuite> <!-- com.Upgrade.test.LoginTest -->
