<?xml version="1.0" encoding="UTF-8"?>
<!-- Generated by org.testng.reporters.JUnitReportReporter -->
<testsuite skipped="0" hostname="LAPTOP-PE32G410" name="com.Upgrade.test.LoginApiTest" tests="3" failures="0" timestamp="18 Oct 2019 21:41:58 GMT" time="4.282" errors="0">
  <testcase name="TC_18_loginAPI_ErrorCodeValidation" time="2.478" classname="com.Upgrade.test.LoginApiTest"/>
  <testcase name="TC_19_loginAPI_AttributeValidation" time="1.022" classname="com.Upgrade.test.LoginApiTest"/>
  <testcase name="TC_17_loginAPI_SuccessCodeValidation" time="0.782" classname="com.Upgrade.test.LoginApiTest"/>
</testsuite> <!-- com.Upgrade.test.LoginApiTest -->
