<?xml version="1.0" encoding="UTF-8"?>
<!-- Generated by org.testng.reporters.JUnitReportReporter -->
<testsuite skipped="0" hostname="LAPTOP-PE32G410" name="com.Upgrade.test.PayOffOfferTest" tests="2" failures="0" timestamp="18 Oct 2019 21:41:58 GMT" time="8.782" errors="0">
  <testcase name="TC_07_signOut_Validation" time="5.522" classname="com.Upgrade.test.PayOffOfferTest"/>
  <testcase name="TC_06_offerPageUrl_Validation" time="3.260" classname="com.Upgrade.test.PayOffOfferTest"/>
</testsuite> <!-- com.Upgrade.test.PayOffOfferTest -->
