<?xml version="1.0" encoding="UTF-8"?>
<!-- Generated by org.testng.reporters.JUnitReportReporter -->
<testsuite skipped="0" hostname="LAPTOP-PE32G410" name="com.Upgrade.test.CreateAccountTest" tests="3" failures="0" timestamp="18 Oct 2019 21:41:58 GMT" time="5.939" errors="0">
  <testcase name="TC_05_basicInformation_Validation" time="4.465" classname="com.Upgrade.test.CreateAccountTest"/>
  <testcase name="TC_20_emailFieldValidation" time="0.983" classname="com.Upgrade.test.CreateAccountTest"/>
  <testcase name="TC_21_passwordFieldValidation" time="0.491" classname="com.Upgrade.test.CreateAccountTest"/>
</testsuite> <!-- com.Upgrade.test.CreateAccountTest -->
