<?xml version="1.0" encoding="UTF-8"?>
<!-- Generated by org.testng.reporters.JUnitReportReporter -->
<testsuite skipped="0" hostname="LAPTOP-PE32G410" name="com.Upgrade.test.PayOffOfferPostLoginTest" tests="5" failures="0" timestamp="18 Oct 2019 21:41:58 GMT" time="0.474" errors="0">
  <testcase name="TC_16_usrApr_Validation" time="0.141" classname="com.Upgrade.test.PayOffOfferPostLoginTest"/>
  <testcase name="TC_13_usrMonthlyPayment_Validation" time="0.067" classname="com.Upgrade.test.PayOffOfferPostLoginTest"/>
  <testcase name="TC_15_usrInterestRate_Validation" time="0.087" classname="com.Upgrade.test.PayOffOfferPostLoginTest"/>
  <testcase name="TC_12_usrloanAmount_Validation" time="0.099" classname="com.Upgrade.test.PayOffOfferPostLoginTest"/>
  <testcase name="TC_14_usrLoanTerm" time="0.080" classname="com.Upgrade.test.PayOffOfferPostLoginTest"/>
</testsuite> <!-- com.Upgrade.test.PayOffOfferPostLoginTest -->
