<?xml version="1.0" encoding="UTF-8"?>
<!-- Generated by org.testng.reporters.JUnitReportReporter -->
<testsuite skipped="0" hostname="LAPTOP-PE32G410" name="com.Upgrade.test.CheckYourRateTest" tests="4" failures="0" timestamp="18 Oct 2019 21:41:58 GMT" time="7.728" errors="0">
  <testcase name="TC_02_emptyField_Validation" time="0.446" classname="com.Upgrade.test.CheckYourRateTest"/>
  <testcase name="TC_01_landingPageurlValidation" time="6.072" classname="com.Upgrade.test.CheckYourRateTest"/>
  <testcase name="TC_03_loanAmount_Validation" time="0.503" classname="com.Upgrade.test.CheckYourRateTest"/>
  <testcase name="TC_04_checkYourRate_Validation" time="0.707" classname="com.Upgrade.test.CheckYourRateTest"/>
</testsuite> <!-- com.Upgrade.test.CheckYourRateTest -->
